d6943b0d3094
*** Found local files:
***   * /opt/airflow/logs/dag_id=ETL_process/run_id=manual__2023-09-18T04:44:09.377890+00:00/task_id=create_table/attempt=2.log
[2023-09-18T05:00:47.477+0000] {taskinstance.py:1157} INFO - Dependencies all met for dep_context=non-requeueable deps ti=<TaskInstance: ETL_process.create_table manual__2023-09-18T04:44:09.377890+00:00 [queued]>
[2023-09-18T05:00:47.481+0000] {taskinstance.py:1157} INFO - Dependencies all met for dep_context=requeueable deps ti=<TaskInstance: ETL_process.create_table manual__2023-09-18T04:44:09.377890+00:00 [queued]>
[2023-09-18T05:00:47.481+0000] {taskinstance.py:1359} INFO - Starting attempt 2 of 2
[2023-09-18T05:00:47.487+0000] {taskinstance.py:1380} INFO - Executing <Task(PostgresOperator): create_table> on 2023-09-18 04:44:09.377890+00:00
[2023-09-18T05:00:47.492+0000] {standard_task_runner.py:57} INFO - Started process 2123 to run task
[2023-09-18T05:00:47.496+0000] {standard_task_runner.py:84} INFO - Running: ['***', 'tasks', 'run', 'ETL_process', 'create_table', 'manual__2023-09-18T04:44:09.377890+00:00', '--job-id', '554', '--raw', '--subdir', 'DAGS_FOLDER/data_pipeline.py', '--cfg-path', '/tmp/tmp0anoszo2']
[2023-09-18T05:00:47.497+0000] {standard_task_runner.py:85} INFO - Job 554: Subtask create_table
[2023-09-18T05:00:47.544+0000] {task_command.py:415} INFO - Running <TaskInstance: ETL_process.create_table manual__2023-09-18T04:44:09.377890+00:00 [running]> on host d6943b0d3094
[2023-09-18T05:00:47.599+0000] {taskinstance.py:1660} INFO - Exporting env vars: AIRFLOW_CTX_DAG_OWNER='***' AIRFLOW_CTX_DAG_ID='ETL_process' AIRFLOW_CTX_TASK_ID='create_table' AIRFLOW_CTX_EXECUTION_DATE='2023-09-18T04:44:09.377890+00:00' AIRFLOW_CTX_TRY_NUMBER='2' AIRFLOW_CTX_DAG_RUN_ID='manual__2023-09-18T04:44:09.377890+00:00'
[2023-09-18T05:00:47.602+0000] {sql.py:274} INFO - Executing: 
    CREATE TABLE IF NOT EXISTS test_tbl (
    department_name VARCHAR(32), -- Data type length refer to function gen_text() in sampledata_new.py line 33
    sensor_serial VARCHAR(64), -- Data type length refer to function gen_text() in sampledata_new.py line 34
    create_at TIMESTAMP,
    product_name VARCHAR(16), -- Data type length refer to function gen_text() in sampledata_new.py line 35
    product_expire TIMESTAMP)
    PARTITION BY RANGE (create_at);
    -- Create child tables for specific timestamp ranges
    CREATE TABLE test_tbl_01 PARTITION OF test_tbl FOR VALUES FROM ('2023-01-01 00:00:00') TO ('2023-01-02 00:00:00');
    CREATE TABLE test_tbl_02 PARTITION OF test_tbl FOR VALUES FROM ('2023-01-02 00:00:00') TO ('2023-01-03 00:00:00');
    CREATE TABLE test_tbl_03 PARTITION OF test_tbl FOR VALUES FROM ('2023-01-03 00:00:00') TO ('2023-01-04 00:00:00');
    CREATE TABLE test_tbl_04 PARTITION OF test_tbl FOR VALUES FROM ('2023-01-04 00:00:00') TO ('2023-01-05 00:00:00');
    CREATE TABLE test_tbl_05 PARTITION OF test_tbl FOR VALUES FROM ('2023-01-05 00:00:00') TO ('2023-01-06 00:00:00');
    CREATE TABLE test_tbl_06 PARTITION OF test_tbl FOR VALUES FROM ('2023-01-06 00:00:00') TO ('2023-01-07 00:00:00');
    CREATE TABLE test_tbl_07 PARTITION OF test_tbl FOR VALUES FROM ('2023-01-07 00:00:00') TO ('2023-01-08 00:00:00');
    CREATE TABLE test_tbl_08 PARTITION OF test_tbl FOR VALUES FROM ('2023-01-08 00:00:00') TO ('2023-01-09 00:00:00');
    CREATE TABLE test_tbl_09 PARTITION OF test_tbl FOR VALUES FROM ('2023-01-09 00:00:00') TO ('2023-01-10 00:00:00');
    CREATE TABLE test_tbl_10 PARTITION OF test_tbl FOR VALUES FROM ('2023-01-10 00:00:00') TO ('2023-01-11 00:00:00');
    CREATE TABLE test_tbl_11 PARTITION OF test_tbl FOR VALUES FROM ('2023-01-11 00:00:00') TO ('2023-01-12 00:00:00');
    CREATE TABLE test_tbl_12 PARTITION OF test_tbl FOR VALUES FROM ('2023-01-12 00:00:00') TO ('2023-01-13 00:00:00');
    CREATE TABLE test_tbl_13 PARTITION OF test_tbl FOR VALUES FROM ('2023-01-13 00:00:00') TO ('2023-01-14 00:00:00');
    CREATE TABLE test_tbl_14 PARTITION OF test_tbl FOR VALUES FROM ('2023-01-14 00:00:00') TO ('2023-01-15 00:00:00');
    CREATE TABLE test_tbl_15 PARTITION OF test_tbl FOR VALUES FROM ('2023-01-15 00:00:00') TO ('2023-01-16 00:00:00');
    CREATE TABLE test_tbl_16 PARTITION OF test_tbl FOR VALUES FROM ('2023-01-16 00:00:00') TO ('2023-01-17 00:00:00');
    CREATE TABLE test_tbl_17 PARTITION OF test_tbl FOR VALUES FROM ('2023-01-17 00:00:00') TO ('2023-01-18 00:00:00');
    CREATE TABLE test_tbl_18 PARTITION OF test_tbl FOR VALUES FROM ('2023-01-18 00:00:00') TO ('2023-01-19 00:00:00');
    CREATE TABLE test_tbl_19 PARTITION OF test_tbl FOR VALUES FROM ('2023-01-19 00:00:00') TO ('2023-01-20 00:00:00');
    CREATE TABLE test_tbl_20 PARTITION OF test_tbl FOR VALUES FROM ('2023-01-20 00:00:00') TO ('2023-01-21 00:00:00');
    CREATE TABLE test_tbl_21 PARTITION OF test_tbl FOR VALUES FROM ('2023-01-21 00:00:00') TO ('2023-01-22 00:00:00');
    CREATE TABLE test_tbl_22 PARTITION OF test_tbl FOR VALUES FROM ('2023-01-22 00:00:00') TO ('2023-01-23 00:00:00');
    CREATE TABLE test_tbl_23 PARTITION OF test_tbl FOR VALUES FROM ('2023-01-23 00:00:00') TO ('2023-01-24 00:00:00');
    CREATE TABLE test_tbl_24 PARTITION OF test_tbl FOR VALUES FROM ('2023-01-24 00:00:00') TO ('2023-01-25 00:00:00');
    CREATE TABLE test_tbl_25 PARTITION OF test_tbl FOR VALUES FROM ('2023-01-25 00:00:00') TO ('2023-01-26 00:00:00');
    CREATE TABLE test_tbl_26 PARTITION OF test_tbl FOR VALUES FROM ('2023-01-26 00:00:00') TO ('2023-01-27 00:00:00');
    CREATE TABLE test_tbl_27 PARTITION OF test_tbl FOR VALUES FROM ('2023-01-27 00:00:00') TO ('2023-01-28 00:00:00');
    CREATE TABLE test_tbl_28 PARTITION OF test_tbl FOR VALUES FROM ('2023-01-28 00:00:00') TO ('2023-01-29 00:00:00');
    CREATE TABLE test_tbl_29 PARTITION OF test_tbl FOR VALUES FROM ('2023-01-29 00:00:00') TO ('2023-01-30 00:00:00');
    CREATE TABLE test_tbl_30 PARTITION OF test_tbl FOR VALUES FROM ('2023-01-30 00:00:00') TO ('2023-01-31 00:00:00');
    CREATE TABLE test_tbl_31 PARTITION OF test_tbl FOR VALUES FROM ('2023-01-31 00:00:00') TO ('2023-02-01 00:00:00');
[2023-09-18T05:00:47.614+0000] {base.py:73} INFO - Using connection ID 'postgres_default' for task execution.
[2023-09-18T05:00:47.622+0000] {base.py:73} INFO - Using connection ID 'postgres_default' for task execution.
[2023-09-18T05:00:47.626+0000] {sql.py:418} INFO - Running statement: 
    CREATE TABLE IF NOT EXISTS test_tbl (
    department_name VARCHAR(32), -- Data type length refer to function gen_text() in sampledata_new.py line 33
    sensor_serial VARCHAR(64), -- Data type length refer to function gen_text() in sampledata_new.py line 34
    create_at TIMESTAMP,
    product_name VARCHAR(16), -- Data type length refer to function gen_text() in sampledata_new.py line 35
    product_expire TIMESTAMP)
    PARTITION BY RANGE (create_at);
    -- Create child tables for specific timestamp ranges
    CREATE TABLE test_tbl_01 PARTITION OF test_tbl FOR VALUES FROM ('2023-01-01 00:00:00') TO ('2023-01-02 00:00:00');
    CREATE TABLE test_tbl_02 PARTITION OF test_tbl FOR VALUES FROM ('2023-01-02 00:00:00') TO ('2023-01-03 00:00:00');
    CREATE TABLE test_tbl_03 PARTITION OF test_tbl FOR VALUES FROM ('2023-01-03 00:00:00') TO ('2023-01-04 00:00:00');
    CREATE TABLE test_tbl_04 PARTITION OF test_tbl FOR VALUES FROM ('2023-01-04 00:00:00') TO ('2023-01-05 00:00:00');
    CREATE TABLE test_tbl_05 PARTITION OF test_tbl FOR VALUES FROM ('2023-01-05 00:00:00') TO ('2023-01-06 00:00:00');
    CREATE TABLE test_tbl_06 PARTITION OF test_tbl FOR VALUES FROM ('2023-01-06 00:00:00') TO ('2023-01-07 00:00:00');
    CREATE TABLE test_tbl_07 PARTITION OF test_tbl FOR VALUES FROM ('2023-01-07 00:00:00') TO ('2023-01-08 00:00:00');
    CREATE TABLE test_tbl_08 PARTITION OF test_tbl FOR VALUES FROM ('2023-01-08 00:00:00') TO ('2023-01-09 00:00:00');
    CREATE TABLE test_tbl_09 PARTITION OF test_tbl FOR VALUES FROM ('2023-01-09 00:00:00') TO ('2023-01-10 00:00:00');
    CREATE TABLE test_tbl_10 PARTITION OF test_tbl FOR VALUES FROM ('2023-01-10 00:00:00') TO ('2023-01-11 00:00:00');
    CREATE TABLE test_tbl_11 PARTITION OF test_tbl FOR VALUES FROM ('2023-01-11 00:00:00') TO ('2023-01-12 00:00:00');
    CREATE TABLE test_tbl_12 PARTITION OF test_tbl FOR VALUES FROM ('2023-01-12 00:00:00') TO ('2023-01-13 00:00:00');
    CREATE TABLE test_tbl_13 PARTITION OF test_tbl FOR VALUES FROM ('2023-01-13 00:00:00') TO ('2023-01-14 00:00:00');
    CREATE TABLE test_tbl_14 PARTITION OF test_tbl FOR VALUES FROM ('2023-01-14 00:00:00') TO ('2023-01-15 00:00:00');
    CREATE TABLE test_tbl_15 PARTITION OF test_tbl FOR VALUES FROM ('2023-01-15 00:00:00') TO ('2023-01-16 00:00:00');
    CREATE TABLE test_tbl_16 PARTITION OF test_tbl FOR VALUES FROM ('2023-01-16 00:00:00') TO ('2023-01-17 00:00:00');
    CREATE TABLE test_tbl_17 PARTITION OF test_tbl FOR VALUES FROM ('2023-01-17 00:00:00') TO ('2023-01-18 00:00:00');
    CREATE TABLE test_tbl_18 PARTITION OF test_tbl FOR VALUES FROM ('2023-01-18 00:00:00') TO ('2023-01-19 00:00:00');
    CREATE TABLE test_tbl_19 PARTITION OF test_tbl FOR VALUES FROM ('2023-01-19 00:00:00') TO ('2023-01-20 00:00:00');
    CREATE TABLE test_tbl_20 PARTITION OF test_tbl FOR VALUES FROM ('2023-01-20 00:00:00') TO ('2023-01-21 00:00:00');
    CREATE TABLE test_tbl_21 PARTITION OF test_tbl FOR VALUES FROM ('2023-01-21 00:00:00') TO ('2023-01-22 00:00:00');
    CREATE TABLE test_tbl_22 PARTITION OF test_tbl FOR VALUES FROM ('2023-01-22 00:00:00') TO ('2023-01-23 00:00:00');
    CREATE TABLE test_tbl_23 PARTITION OF test_tbl FOR VALUES FROM ('2023-01-23 00:00:00') TO ('2023-01-24 00:00:00');
    CREATE TABLE test_tbl_24 PARTITION OF test_tbl FOR VALUES FROM ('2023-01-24 00:00:00') TO ('2023-01-25 00:00:00');
    CREATE TABLE test_tbl_25 PARTITION OF test_tbl FOR VALUES FROM ('2023-01-25 00:00:00') TO ('2023-01-26 00:00:00');
    CREATE TABLE test_tbl_26 PARTITION OF test_tbl FOR VALUES FROM ('2023-01-26 00:00:00') TO ('2023-01-27 00:00:00');
    CREATE TABLE test_tbl_27 PARTITION OF test_tbl FOR VALUES FROM ('2023-01-27 00:00:00') TO ('2023-01-28 00:00:00');
    CREATE TABLE test_tbl_28 PARTITION OF test_tbl FOR VALUES FROM ('2023-01-28 00:00:00') TO ('2023-01-29 00:00:00');
    CREATE TABLE test_tbl_29 PARTITION OF test_tbl FOR VALUES FROM ('2023-01-29 00:00:00') TO ('2023-01-30 00:00:00');
    CREATE TABLE test_tbl_30 PARTITION OF test_tbl FOR VALUES FROM ('2023-01-30 00:00:00') TO ('2023-01-31 00:00:00');
    CREATE TABLE test_tbl_31 PARTITION OF test_tbl FOR VALUES FROM ('2023-01-31 00:00:00') TO ('2023-02-01 00:00:00');, parameters: None
[2023-09-18T05:00:47.652+0000] {taskinstance.py:1398} INFO - Marking task as SUCCESS. dag_id=ETL_process, task_id=create_table, execution_date=20230918T044409, start_date=20230918T050047, end_date=20230918T050047
[2023-09-18T05:00:47.669+0000] {local_task_job_runner.py:228} INFO - Task exited with return code 0
[2023-09-18T05:00:47.683+0000] {taskinstance.py:2776} INFO - 1 downstream tasks scheduled from follow-on schedule check
